No resources found
Warning: policy/v1beta1 PodSecurityPolicy is deprecated in v1.21+, unavailable in v1.25+
./run.sh: line 20: ./v242454/check.sh: Permission denied
./run.sh: line 20: ./v242455/check.sh: Permission denied
No resources found
Warning: policy/v1beta1 PodSecurityPolicy is deprecated in v1.21+, unavailable in v1.25+
./run.sh: line 24: ./v242454/check.sh: Permission denied
./run.sh: line 24: ./v242455/check.sh: Permission denied
No resources found
Warning: policy/v1beta1 PodSecurityPolicy is deprecated in v1.21+, unavailable in v1.25+
./run.sh: line 22: ./v242454/check.sh: Permission denied
./run.sh: line 22: ./v242455/check.sh: Permission denied
No resources found
Warning: policy/v1beta1 PodSecurityPolicy is deprecated in v1.21+, unavailable in v1.25+
./v242383/check.sh: line 2: ../inc.sh: No such file or directory
./v242395/check.sh: line 2: ../inc.sh: No such file or directory
No resources found
./v242415/check.sh: line 2: ../inc.sh: No such file or directory
./v242437/check.sh: line 2: ../inc.sh: No such file or directory
Warning: policy/v1beta1 PodSecurityPolicy is deprecated in v1.21+, unavailable in v1.25+
./v242442/check.sh: line 2: ../inc.sh: No such file or directory
./v242443/check.sh: line 2: ../inc.sh: No such file or directory
./v242447/check.sh: line 2: ../inc.sh: No such file or directory
./v242448/check.sh: line 2: ../inc.sh: No such file or directory
./v242450/check.sh: line 2: ../inc.sh: No such file or directory
./v242454/check.sh: line 2: ../inc.sh: No such file or directory
./v242455/check.sh: line 2: ../inc.sh: No such file or directory
./v242383/check.sh: line 2: ../inc.sh: No such file or directory
./v242395/check.sh: line 2: ../inc.sh: No such file or directory
No resources found
./v242415/check.sh: line 2: ../inc.sh: No such file or directory
./v242437/check.sh: line 2: ../inc.sh: No such file or directory
Warning: policy/v1beta1 PodSecurityPolicy is deprecated in v1.21+, unavailable in v1.25+
./v242442/check.sh: line 2: ../inc.sh: No such file or directory
./v242443/check.sh: line 2: ../inc.sh: No such file or directory
./v242447/check.sh: line 2: ../inc.sh: No such file or directory
./v242448/check.sh: line 2: ../inc.sh: No such file or directory
./v242450/check.sh: line 2: ../inc.sh: No such file or directory
./v242454/check.sh: line 2: ../inc.sh: No such file or directory
./v242455/check.sh: line 2: ../inc.sh: No such file or directory
./v242376/check-cp.sh: line 2: ../inc.sh: No such file or directory
./v242376/check-cp.sh: line 4: read: `/etc/kubernetes/manifests/talos-kube-controller-manager.yaml': not a valid identifier
./v242377/check-cp.sh: line 2: ../inc.sh: No such file or directory
./v242377/check-cp.sh: line 4: read: `/etc/kubernetes/manifests/talos-kube-scheduler.yaml': not a valid identifier
./v242378/check-cp.sh: line 2: ../inc.sh: No such file or directory
./v242378/check-cp.sh: line 4: read: `/etc/kubernetes/manifests/talos-kube-apiserver.yaml': not a valid identifier
./v242379/check-cp.sh: line 2: ../inc.sh: No such file or directory
./v242380/check-cp.sh: line 2: ../inc.sh: No such file or directory
./v242381/check-cp.sh: line 2: ../inc.sh: No such file or directory
./v242381/check-cp.sh: line 4: read: `/etc/kubernetes/manifests/talos-kube-controller-manager.yaml': not a valid identifier
./v242382/check-cp.sh: line 2: ../inc.sh: No such file or directory
./v242382/check-cp.sh: line 4: read: `/etc/kubernetes/manifests/talos-kube-apiserver.yaml': not a valid identifier
./v242384/check-cp.sh: line 2: ../inc.sh: No such file or directory
./v242384/check-cp.sh: line 4: read: `/etc/kubernetes/manifests/talos-kube-scheduler.yaml': not a valid identifier
./v242385/check-cp.sh: line 2: ../inc.sh: No such file or directory
./v242385/check-cp.sh: line 4: read: `/etc/kubernetes/manifests/talos-kube-controller-manager.yaml': not a valid identifier
./v242386/check-cp.sh: line 2: ../inc.sh: No such file or directory
./v242386/check-cp.sh: line 4: read: `/etc/kubernetes/manifests/talos-kube-apiserver.yaml': not a valid identifier
./v242387/check-cp.sh: line 2: ../inc.sh: No such file or directory
./v242387/check-cp.sh: line 4: read: `/etc/kubernetes/manifests/talos-kube-apiserver.yaml': not a valid identifier
./v242387/check-cp.sh: line 10: read: `/etc/kubernetes/kubelet.yaml': not a valid identifier
./v242387/check-cp.sh: line 2: ../inc.sh: No such file or directory
./v242387/check-cp.sh: line 4: read: `/etc/kubernetes/manifests/talos-kube-apiserver.yaml': not a valid identifier
./v242387/check-cp.sh: line 10: read: `/etc/kubernetes/kubelet.yaml': not a valid identifier
./v242387/check-cp.sh: line 2: ../inc.sh: No such file or directory
./v242387/check-cp.sh: line 4: read: `/etc/kubernetes/manifests/talos-kube-apiserver.yaml': not a valid identifier
./v242387/check-cp.sh: line 10: read: `/etc/kubernetes/kubelet.yaml': not a valid identifier
./v242388/check-cp.sh: line 2: ../inc.sh: No such file or directory
./v242388/check-cp.sh: line 4: read: `/etc/kubernetes/manifests/talos-kube-apiserver.yaml': not a valid identifier
./v242388/check-cp.sh: line 10: read: `/etc/kubernetes/manifests/talos-kube-apiserver.yaml': not a valid identifier
./v242388/check-cp.sh: line 2: ../inc.sh: No such file or directory
./v242388/check-cp.sh: line 4: read: `/etc/kubernetes/manifests/talos-kube-apiserver.yaml': not a valid identifier
./v242388/check-cp.sh: line 10: read: `/etc/kubernetes/manifests/talos-kube-apiserver.yaml': not a valid identifier
./v242388/check-cp.sh: line 2: ../inc.sh: No such file or directory
./v242388/check-cp.sh: line 4: read: `/etc/kubernetes/manifests/talos-kube-apiserver.yaml': not a valid identifier
./v242388/check-cp.sh: line 10: read: `/etc/kubernetes/manifests/talos-kube-apiserver.yaml': not a valid identifier
./v242389/check-cp.sh: line 2: ../inc.sh: No such file or directory
./v242389/check-cp.sh: line 4: read: `/etc/kubernetes/manifests/talos-kube-apiserver.yaml': not a valid identifier
./v242398/check-cp.sh: line 2: ../inc.sh: No such file or directory
./v242398/check-cp.sh: line 4: read: `/etc/kubernetes/manifests/talos-kube-apiserver.yaml': not a valid identifier
./v242398/check-cp.sh: line 10: read: `/etc/kubernetes/manifests/talos-kube-controller-manager.yaml': not a valid identifier
./v242398/check-cp.sh: line 16: read: `/etc/kubernetes/manifests/talos-kube-scheduler.yaml': not a valid identifier
./v242398/check-cp.sh: line 2: ../inc.sh: No such file or directory
./v242398/check-cp.sh: line 4: read: `/etc/kubernetes/manifests/talos-kube-apiserver.yaml': not a valid identifier
./v242398/check-cp.sh: line 10: read: `/etc/kubernetes/manifests/talos-kube-controller-manager.yaml': not a valid identifier
./v242398/check-cp.sh: line 16: read: `/etc/kubernetes/manifests/talos-kube-scheduler.yaml': not a valid identifier
./v242398/check-cp.sh: line 2: ../inc.sh: No such file or directory
./v242398/check-cp.sh: line 4: read: `/etc/kubernetes/manifests/talos-kube-apiserver.yaml': not a valid identifier
./v242398/check-cp.sh: line 10: read: `/etc/kubernetes/manifests/talos-kube-controller-manager.yaml': not a valid identifier
./v242398/check-cp.sh: line 16: read: `/etc/kubernetes/manifests/talos-kube-scheduler.yaml': not a valid identifier
./v242399/check-cp.sh: line 2: ../inc.sh: No such file or directory
./v242399/check-cp.sh: line 4: read: `/etc/kubernetes/manifests/talos-kube-apiserver.yaml': not a valid identifier
./v242399/check-cp.sh: line 10: read: `/etc/kubernetes/manifests/talos-kube-controller-manager.yaml': not a valid identifier
./v242399/check-cp.sh: line 16: read: `/etc/kubernetes/manifests/talos-kube-scheduler.yaml': not a valid identifier
./v242399/check-cp.sh: line 2: ../inc.sh: No such file or directory
./v242399/check-cp.sh: line 4: read: `/etc/kubernetes/manifests/talos-kube-apiserver.yaml': not a valid identifier
./v242399/check-cp.sh: line 10: read: `/etc/kubernetes/manifests/talos-kube-controller-manager.yaml': not a valid identifier
./v242399/check-cp.sh: line 16: read: `/etc/kubernetes/manifests/talos-kube-scheduler.yaml': not a valid identifier
./v242399/check-cp.sh: line 2: ../inc.sh: No such file or directory
./v242399/check-cp.sh: line 4: read: `/etc/kubernetes/manifests/talos-kube-apiserver.yaml': not a valid identifier
./v242399/check-cp.sh: line 10: read: `/etc/kubernetes/manifests/talos-kube-controller-manager.yaml': not a valid identifier
./v242399/check-cp.sh: line 16: read: `/etc/kubernetes/manifests/talos-kube-scheduler.yaml': not a valid identifier
./v242400/check-cp.sh: line 2: ../inc.sh: No such file or directory
./v242400/check-cp.sh: line 4: read: `/etc/kubernetes/manifests/talos-kube-apiserver.yaml': not a valid identifier
./v242400/check-cp.sh: line 2: ../inc.sh: No such file or directory
./v242400/check-cp.sh: line 4: read: `/etc/kubernetes/manifests/talos-kube-apiserver.yaml': not a valid identifier
./v242400/check-cp.sh: line 2: ../inc.sh: No such file or directory
./v242400/check-cp.sh: line 4: read: `/etc/kubernetes/manifests/talos-kube-apiserver.yaml': not a valid identifier
./v242401/check-cp.sh: line 2: ../inc.sh: No such file or directory
./v242401/check-cp.sh: line 4: read: `/etc/kubernetes/manifests/talos-kube-apiserver.yaml': not a valid identifier
./v242402/check-cp.sh: line 2: ../inc.sh: No such file or directory
./v242402/check-cp.sh: line 4: read: `/etc/kubernetes/manifests/talos-kube-apiserver.yaml': not a valid identifier
./v242403/check-cp.sh: line 2: ../inc.sh: No such file or directory
./v242403/check-cp.sh: line 4: read: `/system/secrets/kubernetes/kube-apiserver/auditpolicy.yaml': not a valid identifier
./v242409/check-cp.sh: line 2: ../inc.sh: No such file or directory
./v242409/check-cp.sh: line 4: read: `/etc/kubernetes/manifests/talos-kube-controller-manager.yaml': not a valid identifier
./v242418/check-cp.sh: line 2: ../inc.sh: No such file or directory
./v242418/check-cp.sh: line 4: read: `/etc/kubernetes/manifests/talos-kube-apiserver.yaml': not a valid identifier
./v242419/check-cp.sh: line 2: ../inc.sh: No such file or directory
./v242419/check-cp.sh: line 4: read: `/etc/kubernetes/manifests/talos-kube-apiserver.yaml': not a valid identifier
./v242421/check-cp.sh: line 2: ../inc.sh: No such file or directory
./v242421/check-cp.sh: line 4: read: `/etc/kubernetes/manifests/talos-kube-controller-manager.yaml': not a valid identifier
./v242423/check-cp.sh: line 2: ../inc.sh: No such file or directory
./v242422/check-cp.sh: line 2: ../inc.sh: No such file or directory
./v242422/check-cp.sh: line 4: read: `/etc/kubernetes/manifests/talos-kube-apiserver.yaml': not a valid identifier
./v242426/check-cp.sh: line 2: ../inc.sh: No such file or directory
./v242427/check-cp.sh: line 2: ../inc.sh: No such file or directory
./v242428/check-cp.sh: line 2: ../inc.sh: No such file or directory
./v242430/check-cp.sh: line 2: ../inc.sh: No such file or directory
./v242430/check-cp.sh: line 4: read: `/etc/kubernetes/manifests/talos-kube-apiserver.yaml': not a valid identifier
./v242431/check-cp.sh: line 2: ../inc.sh: No such file or directory
./v242431/check-cp.sh: line 4: read: `/etc/kubernetes/manifests/talos-kube-apiserver.yaml': not a valid identifier
./v242432/check-cp.sh: line 2: ../inc.sh: No such file or directory
./v242433/check-cp.sh: line 2: ../inc.sh: No such file or directory
./v242435/check-cp.sh: line 2: ../inc.sh: No such file or directory
./v242435/check-cp.sh: line 4: read: `/etc/kubernetes/manifests/talos-kube-apiserver.yaml': not a valid identifier
./v242436/check-cp.sh: line 2: ../inc.sh: No such file or directory
./v242436/check-cp.sh: line 4: read: `/etc/kubernetes/manifests/talos-kube-apiserver.yaml': not a valid identifier
./v242438/check-cp.sh: line 2: ../inc.sh: No such file or directory
./v242438/check-cp.sh: line 11: read: `/etc/kubernetes/manifests/talos-kube-apiserver.yaml': not a valid identifier
./v242438/check-cp.sh: line 2: ../inc.sh: No such file or directory
./v242438/check-cp.sh: line 11: read: `/etc/kubernetes/manifests/talos-kube-apiserver.yaml': not a valid identifier
./v242438/check-cp.sh: line 2: ../inc.sh: No such file or directory
./v242438/check-cp.sh: line 11: read: `/etc/kubernetes/manifests/talos-kube-apiserver.yaml': not a valid identifier
./v242445/check-cp.sh: line 2: ../inc.sh: No such file or directory
ls: cannot access 'f': No such file or directory
./v242445/check-cp.sh: line 6: [: /var/lib/etcd:: integer expression expected
./v242445/check-cp.sh: line 2: ../inc.sh: No such file or directory
ls: cannot access 'f': No such file or directory
./v242445/check-cp.sh: line 6: [: /var/lib/etcd:: integer expression expected
./v242445/check-cp.sh: line 2: ../inc.sh: No such file or directory
ls: cannot access 'f': No such file or directory
./v242445/check-cp.sh: line 6: [: /var/lib/etcd:: integer expression expected
./v242461/check-cp.sh: line 2: ../inc.sh: No such file or directory
./v242461/check-cp.sh: line 4: read: `/etc/kubernetes/manifests/talos-kube-apiserver.yaml': not a valid identifier
./v242462/check-cp.sh: line 2: ../inc.sh: No such file or directory
./v242462/check-cp.sh: line 4: read: `/etc/kubernetes/manifests/talos-kube-apiserver.yaml': not a valid identifier
./v242463/check-cp.sh: line 2: ../inc.sh: No such file or directory
./v242463/check-cp.sh: line 4: read: `/etc/kubernetes/manifests/talos-kube-apiserver.yaml': not a valid identifier
./v242464/check-cp.sh: line 2: ../inc.sh: No such file or directory
./v242464/check-cp.sh: line 4: read: `/etc/kubernetes/manifests/talos-kube-apiserver.yaml': not a valid identifier
./v242465/check-cp.sh: line 2: ../inc.sh: No such file or directory
./v242465/check-cp.sh: line 4: read: `/etc/kubernetes/manifests/talos-kube-apiserver.yaml': not a valid identifier
./v242468/check-cp.sh: line 2: ../inc.sh: No such file or directory
./v242468/check-cp.sh: line 4: read: `/etc/kubernetes/manifests/talos-kube-apiserver.yaml': not a valid identifier
./v242429/check-cp.sh: line 2: ../inc.sh: No such file or directory
./v242429/check-cp.sh: line 4: read: `/etc/kubernetes/manifests/talos-kube-apiserver.yaml': not a valid identifier
./v245542/check-cp.sh: line 2: ../inc.sh: No such file or directory
./v245542/check-cp.sh: line 4: read: `/etc/kubernetes/manifests/talos-kube-apiserver.yaml': not a valid identifier
./v245542/check-cp.sh: line 2: ../inc.sh: No such file or directory
./v245542/check-cp.sh: line 4: read: `/etc/kubernetes/manifests/talos-kube-apiserver.yaml': not a valid identifier
./v245542/check-cp.sh: line 2: ../inc.sh: No such file or directory
./v245542/check-cp.sh: line 4: read: `/etc/kubernetes/manifests/talos-kube-apiserver.yaml': not a valid identifier
./v245543/check-cp.sh: line 2: ../inc.sh: No such file or directory
./v245543/check-cp.sh: line 4: read: `/etc/kubernetes/manifests/talos-kube-apiserver.yaml': not a valid identifier
./v245543/check-cp.sh: line 2: ../inc.sh: No such file or directory
./v245543/check-cp.sh: line 4: read: `/etc/kubernetes/manifests/talos-kube-apiserver.yaml': not a valid identifier
./v245543/check-cp.sh: line 2: ../inc.sh: No such file or directory
./v245543/check-cp.sh: line 4: read: `/etc/kubernetes/manifests/talos-kube-apiserver.yaml': not a valid identifier
./v245544/check-cp.sh: line 2: ../inc.sh: No such file or directory
./v245544/check-cp.sh: line 4: read: `/etc/kubernetes/manifests/talos-kube-apiserver.yaml': not a valid identifier
./v242383/check.sh: line 2: ../inc.sh: No such file or directory
./v242395/check.sh: line 2: ../inc.sh: No such file or directory
No resources found
./v242415/check.sh: line 2: ../inc.sh: No such file or directory
./v242437/check.sh: line 2: ../inc.sh: No such file or directory
Warning: policy/v1beta1 PodSecurityPolicy is deprecated in v1.21+, unavailable in v1.25+
./v242442/check.sh: line 2: ../inc.sh: No such file or directory
./v242443/check.sh: line 2: ../inc.sh: No such file or directory
./v242447/check.sh: line 2: ../inc.sh: No such file or directory
./v242448/check.sh: line 2: ../inc.sh: No such file or directory
./v242450/check.sh: line 2: ../inc.sh: No such file or directory
./v242454/check.sh: line 2: ../inc.sh: No such file or directory
./v242455/check.sh: line 2: ../inc.sh: No such file or directory
./v242376/check-cp.sh: line 2: ../inc.sh: No such file or directory
./v242376/check-cp.sh: line 4: read: `/etc/kubernetes/manifests/talos-kube-controller-manager.yaml': not a valid identifier
./v242377/check-cp.sh: line 2: ../inc.sh: No such file or directory
./v242377/check-cp.sh: line 4: read: `/etc/kubernetes/manifests/talos-kube-scheduler.yaml': not a valid identifier
./v242378/check-cp.sh: line 2: ../inc.sh: No such file or directory
./v242378/check-cp.sh: line 4: read: `/etc/kubernetes/manifests/talos-kube-apiserver.yaml': not a valid identifier
./v242379/check-cp.sh: line 2: ../inc.sh: No such file or directory
./v242380/check-cp.sh: line 2: ../inc.sh: No such file or directory
./v242381/check-cp.sh: line 2: ../inc.sh: No such file or directory
./v242381/check-cp.sh: line 4: read: `/etc/kubernetes/manifests/talos-kube-controller-manager.yaml': not a valid identifier
./v242382/check-cp.sh: line 2: ../inc.sh: No such file or directory
./v242382/check-cp.sh: line 4: read: `/etc/kubernetes/manifests/talos-kube-apiserver.yaml': not a valid identifier
./v242384/check-cp.sh: line 2: ../inc.sh: No such file or directory
./v242384/check-cp.sh: line 4: read: `/etc/kubernetes/manifests/talos-kube-scheduler.yaml': not a valid identifier
./v242385/check-cp.sh: line 2: ../inc.sh: No such file or directory
./v242385/check-cp.sh: line 4: read: `/etc/kubernetes/manifests/talos-kube-controller-manager.yaml': not a valid identifier
./v242386/check-cp.sh: line 2: ../inc.sh: No such file or directory
./v242386/check-cp.sh: line 4: read: `/etc/kubernetes/manifests/talos-kube-apiserver.yaml': not a valid identifier
./v242387/check-cp.sh: line 2: ../inc.sh: No such file or directory
./v242387/check-cp.sh: line 4: read: `/etc/kubernetes/manifests/talos-kube-apiserver.yaml': not a valid identifier
./v242387/check-cp.sh: line 10: read: `/etc/kubernetes/kubelet.yaml': not a valid identifier
./v242387/check-cp.sh: line 2: ../inc.sh: No such file or directory
./v242387/check-cp.sh: line 4: read: `/etc/kubernetes/manifests/talos-kube-apiserver.yaml': not a valid identifier
./v242387/check-cp.sh: line 10: read: `/etc/kubernetes/kubelet.yaml': not a valid identifier
./v242387/check-cp.sh: line 2: ../inc.sh: No such file or directory
./v242387/check-cp.sh: line 4: read: `/etc/kubernetes/manifests/talos-kube-apiserver.yaml': not a valid identifier
./v242387/check-cp.sh: line 10: read: `/etc/kubernetes/kubelet.yaml': not a valid identifier
./v242388/check-cp.sh: line 2: ../inc.sh: No such file or directory
./v242388/check-cp.sh: line 4: read: `/etc/kubernetes/manifests/talos-kube-apiserver.yaml': not a valid identifier
./v242388/check-cp.sh: line 10: read: `/etc/kubernetes/manifests/talos-kube-apiserver.yaml': not a valid identifier
./v242388/check-cp.sh: line 2: ../inc.sh: No such file or directory
./v242388/check-cp.sh: line 4: read: `/etc/kubernetes/manifests/talos-kube-apiserver.yaml': not a valid identifier
./v242388/check-cp.sh: line 10: read: `/etc/kubernetes/manifests/talos-kube-apiserver.yaml': not a valid identifier
./v242388/check-cp.sh: line 2: ../inc.sh: No such file or directory
./v242388/check-cp.sh: line 4: read: `/etc/kubernetes/manifests/talos-kube-apiserver.yaml': not a valid identifier
./v242388/check-cp.sh: line 10: read: `/etc/kubernetes/manifests/talos-kube-apiserver.yaml': not a valid identifier
./v242389/check-cp.sh: line 2: ../inc.sh: No such file or directory
./v242389/check-cp.sh: line 4: read: `/etc/kubernetes/manifests/talos-kube-apiserver.yaml': not a valid identifier
./v242398/check-cp.sh: line 2: ../inc.sh: No such file or directory
./v242398/check-cp.sh: line 4: read: `/etc/kubernetes/manifests/talos-kube-apiserver.yaml': not a valid identifier
./v242398/check-cp.sh: line 10: read: `/etc/kubernetes/manifests/talos-kube-controller-manager.yaml': not a valid identifier
./v242398/check-cp.sh: line 16: read: `/etc/kubernetes/manifests/talos-kube-scheduler.yaml': not a valid identifier
./v242398/check-cp.sh: line 2: ../inc.sh: No such file or directory
./v242398/check-cp.sh: line 4: read: `/etc/kubernetes/manifests/talos-kube-apiserver.yaml': not a valid identifier
./v242398/check-cp.sh: line 10: read: `/etc/kubernetes/manifests/talos-kube-controller-manager.yaml': not a valid identifier
./v242398/check-cp.sh: line 16: read: `/etc/kubernetes/manifests/talos-kube-scheduler.yaml': not a valid identifier
./v242398/check-cp.sh: line 2: ../inc.sh: No such file or directory
./v242398/check-cp.sh: line 4: read: `/etc/kubernetes/manifests/talos-kube-apiserver.yaml': not a valid identifier
./v242398/check-cp.sh: line 10: read: `/etc/kubernetes/manifests/talos-kube-controller-manager.yaml': not a valid identifier
./v242398/check-cp.sh: line 16: read: `/etc/kubernetes/manifests/talos-kube-scheduler.yaml': not a valid identifier
./v242399/check-cp.sh: line 2: ../inc.sh: No such file or directory
./v242399/check-cp.sh: line 4: read: `/etc/kubernetes/manifests/talos-kube-apiserver.yaml': not a valid identifier
./v242399/check-cp.sh: line 10: read: `/etc/kubernetes/manifests/talos-kube-controller-manager.yaml': not a valid identifier
./v242399/check-cp.sh: line 16: read: `/etc/kubernetes/manifests/talos-kube-scheduler.yaml': not a valid identifier
./v242399/check-cp.sh: line 2: ../inc.sh: No such file or directory
./v242399/check-cp.sh: line 4: read: `/etc/kubernetes/manifests/talos-kube-apiserver.yaml': not a valid identifier
./v242399/check-cp.sh: line 10: read: `/etc/kubernetes/manifests/talos-kube-controller-manager.yaml': not a valid identifier
./v242399/check-cp.sh: line 16: read: `/etc/kubernetes/manifests/talos-kube-scheduler.yaml': not a valid identifier
./v242399/check-cp.sh: line 2: ../inc.sh: No such file or directory
./v242399/check-cp.sh: line 4: read: `/etc/kubernetes/manifests/talos-kube-apiserver.yaml': not a valid identifier
./v242399/check-cp.sh: line 10: read: `/etc/kubernetes/manifests/talos-kube-controller-manager.yaml': not a valid identifier
./v242399/check-cp.sh: line 16: read: `/etc/kubernetes/manifests/talos-kube-scheduler.yaml': not a valid identifier
./v242400/check-cp.sh: line 2: ../inc.sh: No such file or directory
./v242400/check-cp.sh: line 4: read: `/etc/kubernetes/manifests/talos-kube-apiserver.yaml': not a valid identifier
./v242400/check-cp.sh: line 2: ../inc.sh: No such file or directory
./v242400/check-cp.sh: line 4: read: `/etc/kubernetes/manifests/talos-kube-apiserver.yaml': not a valid identifier
./v242400/check-cp.sh: line 2: ../inc.sh: No such file or directory
./v242400/check-cp.sh: line 4: read: `/etc/kubernetes/manifests/talos-kube-apiserver.yaml': not a valid identifier
./v242401/check-cp.sh: line 2: ../inc.sh: No such file or directory
./v242401/check-cp.sh: line 4: read: `/etc/kubernetes/manifests/talos-kube-apiserver.yaml': not a valid identifier
./v242402/check-cp.sh: line 2: ../inc.sh: No such file or directory
./v242402/check-cp.sh: line 4: read: `/etc/kubernetes/manifests/talos-kube-apiserver.yaml': not a valid identifier
./v242403/check-cp.sh: line 2: ../inc.sh: No such file or directory
./v242403/check-cp.sh: line 4: read: `/system/secrets/kubernetes/kube-apiserver/auditpolicy.yaml': not a valid identifier
./v242409/check-cp.sh: line 2: ../inc.sh: No such file or directory
./v242409/check-cp.sh: line 4: read: `/etc/kubernetes/manifests/talos-kube-controller-manager.yaml': not a valid identifier
./v242418/check-cp.sh: line 2: ../inc.sh: No such file or directory
./v242418/check-cp.sh: line 4: read: `/etc/kubernetes/manifests/talos-kube-apiserver.yaml': not a valid identifier
./v242419/check-cp.sh: line 2: ../inc.sh: No such file or directory
./v242419/check-cp.sh: line 4: read: `/etc/kubernetes/manifests/talos-kube-apiserver.yaml': not a valid identifier
./v242421/check-cp.sh: line 2: ../inc.sh: No such file or directory
./v242421/check-cp.sh: line 4: read: `/etc/kubernetes/manifests/talos-kube-controller-manager.yaml': not a valid identifier
./v242423/check-cp.sh: line 2: ../inc.sh: No such file or directory
./v242422/check-cp.sh: line 2: ../inc.sh: No such file or directory
./v242422/check-cp.sh: line 4: read: `/etc/kubernetes/manifests/talos-kube-apiserver.yaml': not a valid identifier
./v242426/check-cp.sh: line 2: ../inc.sh: No such file or directory
./v242427/check-cp.sh: line 2: ../inc.sh: No such file or directory
./v242428/check-cp.sh: line 2: ../inc.sh: No such file or directory
./v242430/check-cp.sh: line 2: ../inc.sh: No such file or directory
./v242430/check-cp.sh: line 4: read: `/etc/kubernetes/manifests/talos-kube-apiserver.yaml': not a valid identifier
./v242431/check-cp.sh: line 2: ../inc.sh: No such file or directory
./v242431/check-cp.sh: line 4: read: `/etc/kubernetes/manifests/talos-kube-apiserver.yaml': not a valid identifier
./v242432/check-cp.sh: line 2: ../inc.sh: No such file or directory
./v242433/check-cp.sh: line 2: ../inc.sh: No such file or directory
./v242435/check-cp.sh: line 2: ../inc.sh: No such file or directory
./v242435/check-cp.sh: line 4: read: `/etc/kubernetes/manifests/talos-kube-apiserver.yaml': not a valid identifier
./v242436/check-cp.sh: line 2: ../inc.sh: No such file or directory
./v242436/check-cp.sh: line 4: read: `/etc/kubernetes/manifests/talos-kube-apiserver.yaml': not a valid identifier
./v242438/check-cp.sh: line 2: ../inc.sh: No such file or directory
./v242438/check-cp.sh: line 11: read: `/etc/kubernetes/manifests/talos-kube-apiserver.yaml': not a valid identifier
./v242438/check-cp.sh: line 2: ../inc.sh: No such file or directory
./v242438/check-cp.sh: line 11: read: `/etc/kubernetes/manifests/talos-kube-apiserver.yaml': not a valid identifier
./v242438/check-cp.sh: line 2: ../inc.sh: No such file or directory
./v242438/check-cp.sh: line 11: read: `/etc/kubernetes/manifests/talos-kube-apiserver.yaml': not a valid identifier
./v242445/check-cp.sh: line 2: ../inc.sh: No such file or directory
ls: cannot access 'f': No such file or directory
./v242445/check-cp.sh: line 6: [: /var/lib/etcd:: integer expression expected
./v242445/check-cp.sh: line 2: ../inc.sh: No such file or directory
ls: cannot access 'f': No such file or directory
./v242445/check-cp.sh: line 6: [: /var/lib/etcd:: integer expression expected
./v242445/check-cp.sh: line 2: ../inc.sh: No such file or directory
ls: cannot access 'f': No such file or directory
./v242445/check-cp.sh: line 6: [: /var/lib/etcd:: integer expression expected
./v242461/check-cp.sh: line 2: ../inc.sh: No such file or directory
./v242461/check-cp.sh: line 4: read: `/etc/kubernetes/manifests/talos-kube-apiserver.yaml': not a valid identifier
./v242462/check-cp.sh: line 2: ../inc.sh: No such file or directory
./v242462/check-cp.sh: line 4: read: `/etc/kubernetes/manifests/talos-kube-apiserver.yaml': not a valid identifier
./v242463/check-cp.sh: line 2: ../inc.sh: No such file or directory
./v242463/check-cp.sh: line 4: read: `/etc/kubernetes/manifests/talos-kube-apiserver.yaml': not a valid identifier
./v242464/check-cp.sh: line 2: ../inc.sh: No such file or directory
./v242464/check-cp.sh: line 4: read: `/etc/kubernetes/manifests/talos-kube-apiserver.yaml': not a valid identifier
./v242465/check-cp.sh: line 2: ../inc.sh: No such file or directory
./v242465/check-cp.sh: line 4: read: `/etc/kubernetes/manifests/talos-kube-apiserver.yaml': not a valid identifier
./v242468/check-cp.sh: line 2: ../inc.sh: No such file or directory
./v242468/check-cp.sh: line 4: read: `/etc/kubernetes/manifests/talos-kube-apiserver.yaml': not a valid identifier
./v242429/check-cp.sh: line 2: ../inc.sh: No such file or directory
./v242429/check-cp.sh: line 4: read: `/etc/kubernetes/manifests/talos-kube-apiserver.yaml': not a valid identifier
./v245542/check-cp.sh: line 2: ../inc.sh: No such file or directory
./v245542/check-cp.sh: line 4: read: `/etc/kubernetes/manifests/talos-kube-apiserver.yaml': not a valid identifier
./v245542/check-cp.sh: line 2: ../inc.sh: No such file or directory
./v245542/check-cp.sh: line 4: read: `/etc/kubernetes/manifests/talos-kube-apiserver.yaml': not a valid identifier
./v245542/check-cp.sh: line 2: ../inc.sh: No such file or directory
./v245542/check-cp.sh: line 4: read: `/etc/kubernetes/manifests/talos-kube-apiserver.yaml': not a valid identifier
./v245543/check-cp.sh: line 2: ../inc.sh: No such file or directory
./v245543/check-cp.sh: line 4: read: `/etc/kubernetes/manifests/talos-kube-apiserver.yaml': not a valid identifier
./v245543/check-cp.sh: line 2: ../inc.sh: No such file or directory
./v245543/check-cp.sh: line 4: read: `/etc/kubernetes/manifests/talos-kube-apiserver.yaml': not a valid identifier
./v245543/check-cp.sh: line 2: ../inc.sh: No such file or directory
./v245543/check-cp.sh: line 4: read: `/etc/kubernetes/manifests/talos-kube-apiserver.yaml': not a valid identifier
./v245544/check-cp.sh: line 2: ../inc.sh: No such file or directory
./v245544/check-cp.sh: line 4: read: `/etc/kubernetes/manifests/talos-kube-apiserver.yaml': not a valid identifier
No resources found
Warning: policy/v1beta1 PodSecurityPolicy is deprecated in v1.21+, unavailable in v1.25+
core0: rpc error: code = Unknown desc = lstat /-: no such file or directory
No resources found
Warning: policy/v1beta1 PodSecurityPolicy is deprecated in v1.21+, unavailable in v1.25+
172.16.198.5: rpc error: code = Unknown desc = lstat /-: no such file or directory
